<?xml version="1.0" encoding="UTF-8"?>
<!-- Generated by org.testng.reporters.JUnitReportReporter -->
<testsuite hostname="ELLIOTT" failures="0" tests="5" name="testScript.ElectronicsTest" time="163.808" errors="0" timestamp="2024-05-02T15:57:31 IST" skipped="0">
  <testcase classname="testScript.ElectronicsTest" name="register" time="62.996"/>
  <testcase classname="testScript.ElectronicsTest" name="addtocart" time="10.600"/>
  <testcase classname="testScript.ElectronicsTest" name="login" time="21.594"/>
  <testcase classname="testScript.ElectronicsTest" name="ConfirmOrder" time="31.833"/>
  <testcase classname="testScript.ElectronicsTest" name="Payment" time="36.785"/>
</testsuite> <!-- testScript.ElectronicsTest -->
