<?xml version="1.0" encoding="UTF-8"?>
<!-- Generated by org.testng.reporters.JUnitReportReporter -->
<testsuite hostname="ELLIOTT" failures="0" tests="2" name="testScript.RegisterTest" time="47.010" errors="0" timestamp="2024-05-02T16:01:49 IST" skipped="0">
  <testcase classname="testScript.RegisterTest" name="Test_001" time="18.469"/>
  <testcase classname="testScript.RegisterTest" name="Test_002" time="28.541"/>
</testsuite> <!-- testScript.RegisterTest -->
