<?xml version="1.0" encoding="UTF-8"?>
<!-- Generated by org.testng.reporters.JUnitReportReporter -->
<testsuite hostname="ELLIOTT" failures="0" tests="1" name="testScript.JewelryTest" time="19.200" errors="0" timestamp="2024-05-04T12:42:25 IST" skipped="0">
  <testcase classname="testScript.JewelryTest" name="jewelry_001" time="19.200"/>
</testsuite> <!-- testScript.JewelryTest -->
